d:\offline onedrive\saxion\course folder\year 2\q 2.1\c++\project files\october harvest git repository\octoberharvest_001\octoberharvest_001\x64\debug\vc140.pdb
d:\offline onedrive\saxion\course folder\year 2\q 2.1\c++\project files\october harvest git repository\octoberharvest_001\octoberharvest_001\x64\debug\vc140.idb
d:\offline onedrive\saxion\course folder\year 2\q 2.1\c++\project files\october harvest git repository\octoberharvest_001\octoberharvest_001\x64\debug\animatedsprite.obj
d:\offline onedrive\saxion\course folder\year 2\q 2.1\c++\project files\october harvest git repository\octoberharvest_001\octoberharvest_001\x64\debug\bullet.obj
d:\offline onedrive\saxion\course folder\year 2\q 2.1\c++\project files\october harvest git repository\octoberharvest_001\octoberharvest_001\x64\debug\bulletmanager.obj
d:\offline onedrive\saxion\course folder\year 2\q 2.1\c++\project files\october harvest git repository\octoberharvest_001\octoberharvest_001\x64\debug\enemy.obj
d:\offline onedrive\saxion\course folder\year 2\q 2.1\c++\project files\october harvest git repository\octoberharvest_001\octoberharvest_001\x64\debug\gameobject.obj
d:\offline onedrive\saxion\course folder\year 2\q 2.1\c++\project files\october harvest git repository\octoberharvest_001\octoberharvest_001\x64\debug\gamescene.obj
d:\offline onedrive\saxion\course folder\year 2\q 2.1\c++\project files\october harvest git repository\octoberharvest_001\octoberharvest_001\x64\debug\gun.obj
d:\offline onedrive\saxion\course folder\year 2\q 2.1\c++\project files\october harvest git repository\octoberharvest_001\octoberharvest_001\x64\debug\level.obj
d:\offline onedrive\saxion\course folder\year 2\q 2.1\c++\project files\october harvest git repository\octoberharvest_001\octoberharvest_001\x64\debug\mainmenuscene.obj
d:\offline onedrive\saxion\course folder\year 2\q 2.1\c++\project files\october harvest git repository\octoberharvest_001\octoberharvest_001\x64\debug\mygame.obj
d:\offline onedrive\saxion\course folder\year 2\q 2.1\c++\project files\october harvest git repository\octoberharvest_001\octoberharvest_001\x64\debug\player.obj
d:\offline onedrive\saxion\course folder\year 2\q 2.1\c++\project files\october harvest git repository\octoberharvest_001\octoberharvest_001\x64\debug\scene.obj
d:\offline onedrive\saxion\course folder\year 2\q 2.1\c++\project files\october harvest git repository\octoberharvest_001\x64\debug\octoberharvest_001.pdb
d:\offline onedrive\saxion\course folder\year 2\q 2.1\c++\project files\october harvest git repository\octoberharvest_001\octoberharvest_001\x64\debug\octoberh.5a189bf2.tlog\cl.command.1.tlog
d:\offline onedrive\saxion\course folder\year 2\q 2.1\c++\project files\october harvest git repository\octoberharvest_001\octoberharvest_001\x64\debug\octoberh.5a189bf2.tlog\cl.read.1.tlog
d:\offline onedrive\saxion\course folder\year 2\q 2.1\c++\project files\october harvest git repository\octoberharvest_001\octoberharvest_001\x64\debug\octoberh.5a189bf2.tlog\cl.write.1.tlog
d:\offline onedrive\saxion\course folder\year 2\q 2.1\c++\project files\october harvest git repository\octoberharvest_001\octoberharvest_001\x64\debug\octoberh.5a189bf2.tlog\link.command.1.tlog
d:\offline onedrive\saxion\course folder\year 2\q 2.1\c++\project files\october harvest git repository\octoberharvest_001\octoberharvest_001\x64\debug\octoberh.5a189bf2.tlog\link.read.1.tlog
d:\offline onedrive\saxion\course folder\year 2\q 2.1\c++\project files\october harvest git repository\octoberharvest_001\octoberharvest_001\x64\debug\octoberh.5a189bf2.tlog\link.write.1.tlog
